0 info it worked if it ends with ok
1 verbose cli [ 'C:\\Program Files\\nodejs\\node.exe',
1 verbose cli   'C:\\Program Files\\nodejs\\node_modules\\npm\\bin\\npm-cli.js',
1 verbose cli   'run-script',
1 verbose cli   'ui-watch' ]
2 info using npm@3.10.10
3 info using node@v6.9.4
4 verbose run-script [ 'preui-watch', 'ui-watch', 'postui-watch' ]
5 info lifecycle mortal@0.0.0~preui-watch: mortal@0.0.0
6 silly lifecycle mortal@0.0.0~preui-watch: no script for preui-watch, continuing
7 info lifecycle mortal@0.0.0~ui-watch: mortal@0.0.0
8 verbose lifecycle mortal@0.0.0~ui-watch: unsafe-perm in lifecycle true
9 verbose lifecycle mortal@0.0.0~ui-watch: PATH: C:\Program Files\nodejs\node_modules\npm\bin\node-gyp-bin;C:\Users\shimonmo\code\Mortal_Trump\mortal\ui\node_modules\.bin;C:\ProgramData\Oracle\Java\javapath;C:\Program Files (x86)\Intel\iCLS Client\;C:\Program Files\Intel\iCLS Client\;C:\windows\system32;C:\windows;C:\windows\System32\Wbem;C:\windows\System32\WindowsPowerShell\v1.0\;C:\Program Files (x86)\Intel\Intel(R) Management Engine Components\DAL;C:\Program Files\Intel\Intel(R) Management Engine Components\DAL;C:\Program Files (x86)\Intel\Intel(R) Management Engine Components\IPT;C:\Program Files\Intel\Intel(R) Management Engine Components\IPT;C:\windows\system32\config\systemprofile\.dnx\bin;C:\Program Files\Microsoft DNX\Dnvm\;C:\Program Files\Microsoft SQL Server\120\Tools\Binn\;C:\Program Files (x86)\Skype\Phone\;C:\ProgramData\chocolatey\bin;C:\Program Files\Git\cmd;C:\Program Files\Git\mingw64\bin;C:\Program Files\Git\usr\bin;C:\Program Files (x86)\Subversion\bin;C:\Program Files\TortoiseSVN\bin;C:\Program Files\TortoiseGit\bin;C:\Program Files\Java\jdk1.8.0_112\bin;C:\Program Files\Java\jdk1.7.0_79\bin;C:\Program Files\nodejs\;C:\tools\apache-maven-3.3.9\bin;C:\Users\shimonmo\AppData\Roaming\npm;C:\Program Files (x86)\Microsoft VS Code\bin
10 verbose lifecycle mortal@0.0.0~ui-watch: CWD: C:\Users\shimonmo\code\Mortal_Trump\mortal\ui
11 silly lifecycle mortal@0.0.0~ui-watch: Args: [ '/d /s /c', 'ng build --watch' ]
12 silly lifecycle mortal@0.0.0~ui-watch: Returned: code: 1  signal: null
13 info lifecycle mortal@0.0.0~ui-watch: Failed to exec ui-watch script
14 verbose stack Error: mortal@0.0.0 ui-watch: `ng build --watch`
14 verbose stack Exit status 1
14 verbose stack     at EventEmitter.<anonymous> (C:\Program Files\nodejs\node_modules\npm\lib\utils\lifecycle.js:255:16)
14 verbose stack     at emitTwo (events.js:106:13)
14 verbose stack     at EventEmitter.emit (events.js:191:7)
14 verbose stack     at ChildProcess.<anonymous> (C:\Program Files\nodejs\node_modules\npm\lib\utils\spawn.js:40:14)
14 verbose stack     at emitTwo (events.js:106:13)
14 verbose stack     at ChildProcess.emit (events.js:191:7)
14 verbose stack     at maybeClose (internal/child_process.js:877:16)
14 verbose stack     at Process.ChildProcess._handle.onexit (internal/child_process.js:226:5)
15 verbose pkgid mortal@0.0.0
16 verbose cwd C:\Users\shimonmo\code\Mortal_Trump\mortal\ui
17 error Windows_NT 10.0.10586
18 error argv "C:\\Program Files\\nodejs\\node.exe" "C:\\Program Files\\nodejs\\node_modules\\npm\\bin\\npm-cli.js" "run-script" "ui-watch"
19 error node v6.9.4
20 error npm  v3.10.10
21 error code ELIFECYCLE
22 error mortal@0.0.0 ui-watch: `ng build --watch`
22 error Exit status 1
23 error Failed at the mortal@0.0.0 ui-watch script 'ng build --watch'.
23 error Make sure you have the latest version of node.js and npm installed.
23 error If you do, this is most likely a problem with the mortal package,
23 error not with npm itself.
23 error Tell the author that this fails on your system:
23 error     ng build --watch
23 error You can get information on how to open an issue for this project with:
23 error     npm bugs mortal
23 error Or if that isn't available, you can get their info via:
23 error     npm owner ls mortal
23 error There is likely additional logging output above.
24 verbose exit [ 1, true ]
